<?xml version="1.0" encoding="UTF-8"?>
<testsuite xmlns:xsi="http://www.w3.org/2001/XMLSchema-instance" xsi:noNamespaceSchemaLocation="https://maven.apache.org/surefire/maven-surefire-plugin/xsd/surefire-test-report.xsd" version="3.0.2" name="com.TaskReminder.app.AppApplicationTests" time="2.642" tests="1" errors="0" skipped="0" failures="0">
  <properties>
[...]
</properties>
  <testcase name="contextLoads" classname="com.TaskReminder.app.AppApplicationTests" time="0.526">
    <system-out><![CDATA[13:04:04.330 [main] INFO org.springframework.test.context.support.AnnotationConfigContextLoaderUtils -- Could not detect default configuration classes for test class [com.TaskReminder.app.AppApplicationTests]: AppApplicationTests does not declare any static, non-private, non-final, nested classes annotated with @Configuration.
13:04:04.439 [main] INFO org.springframework.boot.test.context.SpringBootTestContextBootstrapper -- Found @SpringBootConfiguration com.TaskReminder.app.AppApplication for test class com.TaskReminder.app.AppApplicationTests

  .   ____          _            __ _ _
 /\\ / ___'_ __ _ _(_)_ __  __ _ \ \ \ \
( ( )\___ | '_ | '_| | '_ \/ _` | \ \ \ \
 \\/  ___)| |_)| | | | | || (_| |  ) ) ) )
  '  |____| .__|_| |_|_| |_\__, | / / / /
 =========|_|==============|___/=/_/_/_/

 :: Spring Boot ::                (v4.0.0)

2025-11-29T13:04:04.875+05:30  INFO 15404 --- [app] [           main] c.TaskReminder.app.AppApplicationTests   : Starting AppApplicationTests using Java 17 with PID 15404 (started by asing in C:\Users\asing\IdeaProjects\app)
2025-11-29T13:04:04.875+05:30  INFO 15404 --- [app] [           main] c.TaskReminder.app.AppApplicationTests   : No active profile set, falling back to 1 default profile: "default"
2025-11-29T13:04:06.084+05:30  WARN 15404 --- [app] [           main] ion$DefaultTemplateResolverConfiguration : Cannot find template location: classpath:/templates/ (please add some templates, check your Thymeleaf configuration, or set spring.thymeleaf.check-template-location=false)
2025-11-29T13:04:06.230+05:30  INFO 15404 --- [app] [           main] c.TaskReminder.app.AppApplicationTests   : Started AppApplicationTests in 1.645 seconds (process running for 2.75)
]]></system-out>
  </testcase>
</testsuite>